<?xml version="1.0" encoding="UTF-8"?>
<testsuite xmlns:xsi="http://www.w3.org/2001/XMLSchema-instance" xsi:noNamespaceSchemaLocation="https://maven.apache.org/surefire/maven-surefire-plugin/xsd/surefire-test-report.xsd" name="MainTest" time="0.628" tests="2" errors="0" skipped="0" failures="0">
  <properties>
    <property name="java.specification.version" value="19"/>
    <property name="sun.jnu.encoding" value="UTF-8"/>
    <property name="java.class.path" value="/Users/sofiasastre/Documents/2023 Digital House/05_BackEnd/X_IntegradorDrocchiSastre/IntDrocchiSastreV1.2/IntDrocchiSastreV1.2/target/test-classes:/Users/sofiasastre/Documents/2023 Digital House/05_BackEnd/X_IntegradorDrocchiSastre/IntDrocchiSastreV1.2/IntDrocchiSastreV1.2/target/classes:/Users/sofiasastre/.m2/repository/junit/junit/4.13.1/junit-4.13.1.jar:/Users/sofiasastre/.m2/repository/org/hamcrest/hamcrest-core/1.3/hamcrest-core-1.3.jar:/Users/sofiasastre/.m2/repository/log4j/log4j/1.2.17/log4j-1.2.17.jar:/Users/sofiasastre/.m2/repository/com/h2database/h2/2.1.214/h2-2.1.214.jar:/Users/sofiasastre/.m2/repository/org/junit/jupiter/junit-jupiter/5.10.0-M1/junit-jupiter-5.10.0-M1.jar:/Users/sofiasastre/.m2/repository/org/junit/jupiter/junit-jupiter-api/5.10.0-M1/junit-jupiter-api-5.10.0-M1.jar:/Users/sofiasastre/.m2/repository/org/opentest4j/opentest4j/1.2.0/opentest4j-1.2.0.jar:/Users/sofiasastre/.m2/repository/org/junit/platform/junit-platform-commons/1.10.0-M1/junit-platform-commons-1.10.0-M1.jar:/Users/sofiasastre/.m2/repository/org/apiguardian/apiguardian-api/1.1.2/apiguardian-api-1.1.2.jar:/Users/sofiasastre/.m2/repository/org/junit/jupiter/junit-jupiter-params/5.10.0-M1/junit-jupiter-params-5.10.0-M1.jar:/Users/sofiasastre/.m2/repository/org/junit/jupiter/junit-jupiter-engine/5.10.0-M1/junit-jupiter-engine-5.10.0-M1.jar:/Users/sofiasastre/.m2/repository/org/junit/platform/junit-platform-engine/1.10.0-M1/junit-platform-engine-1.10.0-M1.jar:"/>
    <property name="java.vm.vendor" value="Oracle Corporation"/>
    <property name="sun.arch.data.model" value="64"/>
    <property name="java.vendor.url" value="https://java.oracle.com/"/>
    <property name="os.name" value="Mac OS X"/>
    <property name="java.vm.specification.version" value="19"/>
    <property name="sun.java.launcher" value="SUN_STANDARD"/>
    <property name="user.country" value="UY"/>
    <property name="sun.boot.library.path" value="/Users/sofiasastre/Library/Java/JavaVirtualMachines/openjdk-19.0.1/Contents/Home/lib"/>
    <property name="sun.java.command" value="/Users/sofiasastre/Documents/2023 Digital House/05_BackEnd/X_IntegradorDrocchiSastre/IntDrocchiSastreV1.2/IntDrocchiSastreV1.2/target/surefire/surefirebooter11403238533826880250.jar /Users/sofiasastre/Documents/2023 Digital House/05_BackEnd/X_IntegradorDrocchiSastre/IntDrocchiSastreV1.2/IntDrocchiSastreV1.2/target/surefire 2023-06-11T15-55-24_901-jvmRun1 surefire12349219807677885678tmp surefire_011313806090103931871tmp"/>
    <property name="http.nonProxyHosts" value="local|*.local|169.254/16|*.169.254/16"/>
    <property name="jdk.debug" value="release"/>
    <property name="surefire.test.class.path" value="/Users/sofiasastre/Documents/2023 Digital House/05_BackEnd/X_IntegradorDrocchiSastre/IntDrocchiSastreV1.2/IntDrocchiSastreV1.2/target/test-classes:/Users/sofiasastre/Documents/2023 Digital House/05_BackEnd/X_IntegradorDrocchiSastre/IntDrocchiSastreV1.2/IntDrocchiSastreV1.2/target/classes:/Users/sofiasastre/.m2/repository/junit/junit/4.13.1/junit-4.13.1.jar:/Users/sofiasastre/.m2/repository/org/hamcrest/hamcrest-core/1.3/hamcrest-core-1.3.jar:/Users/sofiasastre/.m2/repository/log4j/log4j/1.2.17/log4j-1.2.17.jar:/Users/sofiasastre/.m2/repository/com/h2database/h2/2.1.214/h2-2.1.214.jar:/Users/sofiasastre/.m2/repository/org/junit/jupiter/junit-jupiter/5.10.0-M1/junit-jupiter-5.10.0-M1.jar:/Users/sofiasastre/.m2/repository/org/junit/jupiter/junit-jupiter-api/5.10.0-M1/junit-jupiter-api-5.10.0-M1.jar:/Users/sofiasastre/.m2/repository/org/opentest4j/opentest4j/1.2.0/opentest4j-1.2.0.jar:/Users/sofiasastre/.m2/repository/org/junit/platform/junit-platform-commons/1.10.0-M1/junit-platform-commons-1.10.0-M1.jar:/Users/sofiasastre/.m2/repository/org/apiguardian/apiguardian-api/1.1.2/apiguardian-api-1.1.2.jar:/Users/sofiasastre/.m2/repository/org/junit/jupiter/junit-jupiter-params/5.10.0-M1/junit-jupiter-params-5.10.0-M1.jar:/Users/sofiasastre/.m2/repository/org/junit/jupiter/junit-jupiter-engine/5.10.0-M1/junit-jupiter-engine-5.10.0-M1.jar:/Users/sofiasastre/.m2/repository/org/junit/platform/junit-platform-engine/1.10.0-M1/junit-platform-engine-1.10.0-M1.jar:"/>
    <property name="sun.cpu.endian" value="little"/>
    <property name="user.home" value="/Users/sofiasastre"/>
    <property name="user.language" value="es"/>
    <property name="java.specification.vendor" value="Oracle Corporation"/>
    <property name="java.version.date" value="2022-10-18"/>
    <property name="java.home" value="/Users/sofiasastre/Library/Java/JavaVirtualMachines/openjdk-19.0.1/Contents/Home"/>
    <property name="file.separator" value="/"/>
    <property name="basedir" value="/Users/sofiasastre/Documents/2023 Digital House/05_BackEnd/X_IntegradorDrocchiSastre/IntDrocchiSastreV1.2/IntDrocchiSastreV1.2"/>
    <property name="java.vm.compressedOopsMode" value="Zero based"/>
    <property name="line.separator" value="&#10;"/>
    <property name="java.vm.specification.vendor" value="Oracle Corporation"/>
    <property name="java.specification.name" value="Java Platform API Specification"/>
    <property name="apple.awt.application.name" value="ForkedBooter"/>
    <property name="surefire.real.class.path" value="/Users/sofiasastre/Documents/2023 Digital House/05_BackEnd/X_IntegradorDrocchiSastre/IntDrocchiSastreV1.2/IntDrocchiSastreV1.2/target/surefire/surefirebooter11403238533826880250.jar"/>
    <property name="sun.management.compiler" value="HotSpot 64-Bit Tiered Compilers"/>
    <property name="ftp.nonProxyHosts" value="local|*.local|169.254/16|*.169.254/16"/>
    <property name="java.runtime.version" value="19.0.1+10-21"/>
    <property name="user.name" value="sofiasastre"/>
    <property name="stdout.encoding" value="US-ASCII"/>
    <property name="path.separator" value=":"/>
    <property name="os.version" value="12.6.3"/>
    <property name="java.runtime.name" value="OpenJDK Runtime Environment"/>
    <property name="file.encoding" value="UTF-8"/>
    <property name="java.vm.name" value="OpenJDK 64-Bit Server VM"/>
    <property name="localRepository" value="/Users/sofiasastre/.m2/repository"/>
    <property name="java.vendor.url.bug" value="https://bugreport.java.com/bugreport/"/>
    <property name="java.io.tmpdir" value="/var/folders/yj/wmmcww417zzgphv1vc0n_w7c0000gn/T/"/>
    <property name="idea.version" value="2023.1.2"/>
    <property name="java.version" value="19.0.1"/>
    <property name="user.dir" value="/Users/sofiasastre/Documents/2023 Digital House/05_BackEnd/X_IntegradorDrocchiSastre/IntDrocchiSastreV1.2/IntDrocchiSastreV1.2"/>
    <property name="os.arch" value="x86_64"/>
    <property name="java.vm.specification.name" value="Java Virtual Machine Specification"/>
    <property name="native.encoding" value="US-ASCII"/>
    <property name="java.library.path" value="/Users/sofiasastre/Library/Java/Extensions:/Library/Java/Extensions:/Network/Library/Java/Extensions:/System/Library/Java/Extensions:/usr/lib/java:."/>
    <property name="java.vm.info" value="mixed mode, sharing"/>
    <property name="stderr.encoding" value="US-ASCII"/>
    <property name="java.vendor" value="Oracle Corporation"/>
    <property name="java.vm.version" value="19.0.1+10-21"/>
    <property name="sun.io.unicode.encoding" value="UnicodeBig"/>
    <property name="socksNonProxyHosts" value="local|*.local|169.254/16|*.169.254/16"/>
    <property name="java.class.version" value="63.0"/>
  </properties>
  <testcase name="testGuardarEnMemoria" classname="MainTest" time="0.043"/>
  <testcase name="testGuardarEnH2" classname="MainTest" time="0.542"/>
</testsuite>